<?xml version="1.0" encoding="UTF-8"?>
<testsuite xmlns:xsi="http://www.w3.org/2001/XMLSchema-instance" xsi:noNamespaceSchemaLocation="https://maven.apache.org/surefire/maven-surefire-plugin/xsd/surefire-test-report.xsd" version="3.0.2" name="com.omar.restaurant.RestaurantApplicationTests" time="3.208" tests="1" errors="0" skipped="0" failures="0">
  <properties>
[...]
</properties>
  <testcase name="contextLoads" classname="com.omar.restaurant.RestaurantApplicationTests" time="0.032">
    <system-out><![CDATA[20:06:14.561 [main] INFO org.springframework.test.context.support.AnnotationConfigContextLoaderUtils -- Could not detect default configuration classes for test class [com.omar.restaurant.RestaurantApplicationTests]: RestaurantApplicationTests does not declare any static, non-private, non-final, nested classes annotated with @Configuration.
20:06:14.662 [main] INFO org.springframework.boot.test.context.SpringBootTestContextBootstrapper -- Found @SpringBootConfiguration com.omar.restaurant.RestaurantApplication for test class com.omar.restaurant.RestaurantApplicationTests

  .   ____          _            __ _ _
 /\\ / ___'_ __ _ _(_)_ __  __ _ \ \ \ \
( ( )\___ | '_ | '_| | '_ \/ _` | \ \ \ \
 \\/  ___)| |_)| | | | | || (_| |  ) ) ) )
  '  |____| .__|_| |_|_| |_\__, | / / / /
 =========|_|==============|___/=/_/_/_/

 :: Spring Boot ::                (v3.5.7)

2025-11-19T20:06:15.006+02:00  INFO 48499 --- [           main] c.o.r.RestaurantApplicationTests         : Starting RestaurantApplicationTests using Java 17.0.17 with PID 48499 (started by omar in /Users/omar/Documents/Project/Java projects/restaurant/mealtrack-api)
2025-11-19T20:06:15.007+02:00  INFO 48499 --- [           main] c.o.r.RestaurantApplicationTests         : No active profile set, falling back to 1 default profile: "default"
2025-11-19T20:06:15.541+02:00  INFO 48499 --- [           main] .s.d.r.c.RepositoryConfigurationDelegate : Bootstrapping Spring Data Elasticsearch repositories in DEFAULT mode.
2025-11-19T20:06:15.600+02:00  INFO 48499 --- [           main] .s.d.r.c.RepositoryConfigurationDelegate : Finished Spring Data repository scanning in 46 ms. Found 1 Elasticsearch repository interface.
2025-11-19T20:06:17.572+02:00  INFO 48499 --- [           main] c.o.r.RestaurantApplicationTests         : Started RestaurantApplicationTests in 2.774 seconds (process running for 3.862)
]]></system-out>
  </testcase>
</testsuite>